
/home/runner/work/exp-measurement-of-electrical-conductance-iitk/exp-measurement-of-electrical-conductance-iitk/experiment/simulation/script/project.js
   46:5   warning  'h' is assigned a value but never used         no-unused-vars
   63:5   warning  'power1' is assigned a value but never used    no-unused-vars
   74:5   warning  'body' is assigned a value but never used      no-unused-vars
   75:5   warning  'speakbtn' is assigned a value but never used  no-unused-vars
   76:5   warning  'hindibtn' is assigned a value but never used  no-unused-vars
   77:5   warning  'engbtn' is assigned a value but never used    no-unused-vars
   93:5   warning  'reader' is assigned a value but never used    no-unused-vars
   94:5   warning  'mode' is assigned a value but never used      no-unused-vars
  174:10  warning  'hindi1' is defined but never used             no-unused-vars
  188:10  warning  'eng1' is defined but never used               no-unused-vars
  260:10  warning  'ok' is defined but never used                 no-unused-vars
  333:10  warning  'poweron' is defined but never used            no-unused-vars
  367:10  warning  'nobn3' is defined but never used              no-unused-vars
  388:10  warning  'nobn1' is defined but never used              no-unused-vars
  412:10  warning  'nobn2' is defined but never used              no-unused-vars
  449:10  warning  'cellclick' is defined but never used          no-unused-vars
  502:10  warning  'beaker1' is defined but never used            no-unused-vars
  521:10  warning  'beaker2' is defined but never used            no-unused-vars
  540:10  warning  'beaker3' is defined but never used            no-unused-vars

/home/runner/work/exp-measurement-of-electrical-conductance-iitk/exp-measurement-of-electrical-conductance-iitk/experiment/simulation/script/starting.js
    1:1  warning  'hconductometer' is not defined  no-undef
    2:5  warning  'hovt' is not defined            no-undef
    3:5  warning  'hovt' is not defined            no-undef
    4:5  warning  'hovt' is not defined            no-undef
    5:5  warning  'hovt' is not defined            no-undef
    6:5  warning  'hovt' is not defined            no-undef
    7:5  warning  'c' is not defined               no-undef
    8:5  warning  'c' is not defined               no-undef
   11:1  warning  'hcellstand' is not defined      no-undef
   12:5  warning  'hovt' is not defined            no-undef
   13:5  warning  'hovt' is not defined            no-undef
   14:5  warning  'hovt' is not defined            no-undef
   15:5  warning  'hovt' is not defined            no-undef
   16:5  warning  'hovt' is not defined            no-undef
   17:5  warning  'c' is not defined               no-undef
   18:5  warning  'c' is not defined               no-undef
   22:1  warning  'hcell' is not defined           no-undef
   23:5  warning  'hovt' is not defined            no-undef
   24:5  warning  'hovt' is not defined            no-undef
   25:5  warning  'hovt' is not defined            no-undef
   26:5  warning  'hovt' is not defined            no-undef
   27:5  warning  'hovt' is not defined            no-undef
   28:5  warning  'cell' is not defined            no-undef
   29:5  warning  'cell' is not defined            no-undef
   33:1  warning  'hcs' is not defined             no-undef
   34:5  warning  'hovt' is not defined            no-undef
   35:5  warning  'hovt' is not defined            no-undef
   36:5  warning  'hovt' is not defined            no-undef
   37:5  warning  'hovt' is not defined            no-undef
   38:5  warning  'hovt' is not defined            no-undef
   39:5  warning  'b1f' is not defined             no-undef
   40:5  warning  'b1f' is not defined             no-undef
   41:5  warning  'b1b' is not defined             no-undef
   42:5  warning  'b1b' is not defined             no-undef
   46:1  warning  'hss' is not defined             no-undef
   47:5  warning  'hovt' is not defined            no-undef
   48:5  warning  'hovt' is not defined            no-undef
   49:5  warning  'hovt' is not defined            no-undef
   50:5  warning  'hovt' is not defined            no-undef
   51:5  warning  'hovt' is not defined            no-undef
   52:5  warning  'b2f' is not defined             no-undef
   53:5  warning  'b2f' is not defined             no-undef
   54:5  warning  'b2b' is not defined             no-undef
   55:5  warning  'b2b' is not defined             no-undef
   59:1  warning  'has' is not defined             no-undef
   60:5  warning  'hovt' is not defined            no-undef
   61:5  warning  'hovt' is not defined            no-undef
   62:5  warning  'hovt' is not defined            no-undef
   63:5  warning  'hovt' is not defined            no-undef
   64:5  warning  'hovt' is not defined            no-undef
   65:5  warning  'b3f' is not defined             no-undef
   66:5  warning  'b3f' is not defined             no-undef
   67:5  warning  'b3b' is not defined             no-undef
   68:5  warning  'b3b' is not defined             no-undef
   71:1  warning  'hconductometer' is not defined  no-undef
   72:5  warning  'hovt' is not defined            no-undef
   73:5  warning  'hovt' is not defined            no-undef
   74:5  warning  'c' is not defined               no-undef
   78:1  warning  'hcellstand' is not defined      no-undef
   79:5  warning  'hovt' is not defined            no-undef
   80:5  warning  'hovt' is not defined            no-undef
   81:5  warning  'c' is not defined               no-undef
   84:1  warning  'hcell' is not defined           no-undef
   85:5  warning  'hovt' is not defined            no-undef
   86:5  warning  'hovt' is not defined            no-undef
   87:5  warning  'cell' is not defined            no-undef
   90:1  warning  'hcs' is not defined             no-undef
   91:5  warning  'hovt' is not defined            no-undef
   92:5  warning  'hovt' is not defined            no-undef
   94:5  warning  'b1f' is not defined             no-undef
   96:5  warning  'b1b' is not defined             no-undef
   99:1  warning  'hss' is not defined             no-undef
  100:5  warning  'hovt' is not defined            no-undef
  101:5  warning  'hovt' is not defined            no-undef
  103:5  warning  'b2f' is not defined             no-undef
  105:5  warning  'b2b' is not defined             no-undef
  108:1  warning  'has' is not defined             no-undef
  109:5  warning  'hovt' is not defined            no-undef
  110:5  warning  'hovt' is not defined            no-undef
  112:5  warning  'b3f' is not defined             no-undef
  114:5  warning  'b3b' is not defined             no-undef
  119:1  warning  'hindibtn' is not defined        no-undef
  120:5  warning  'lang' is not defined            no-undef
  124:1  warning  'engbtn' is not defined          no-undef
  125:5  warning  'lang' is not defined            no-undef

✖ 104 problems (0 errors, 104 warnings)

